#
# A fatal error has been detected by the Java Runtime Environment:
#
#  EXCEPTION_ACCESS_VIOLATION (0xc0000005) at pc=0x00007ffe705d63b7, pid=1228, tid=9964
#
# JRE version: OpenJDK Runtime Environment (19.0.1+10) (build 19.0.1+10-21)
# Java VM: OpenJDK 64-Bit Server VM (19.0.1+10-21, mixed mode, sharing, tiered, compressed oops, compressed class ptrs, g1 gc, windows-amd64)
# Problematic frame:
# C  [glass.dll+0x263b7]
#
# No core dump will be written. Minidumps are not enabled by default on client versions of Windows
#
# If you would like to submit a bug report, please visit:
#   https://bugreport.java.com/bugreport/crash.jsp
#

---------------  S U M M A R Y ------------

Command Line: -javaagent:C:\Program Files\JetBrains\IntelliJ IDEA 2022.3\lib\idea_rt.jar=51519:C:\Program Files\JetBrains\IntelliJ IDEA 2022.3\bin -Dfile.encoding=UTF-8 -Dsun.stdout.encoding=UTF-8 -Dsun.stderr.encoding=UTF-8 --module-path=C:\Users\aryem\.m2\repository\org\openjfx\javafx-fxml\19\javafx-fxml-19-win.jar;C:\Users\aryem\.m2\repository\org\openjfx\javafx-controls\19\javafx-controls-19-win.jar;C:\Users\aryem\IdeaProjects\Local2\target\classes;C:\Users\aryem\.m2\repository\org\openjfx\javafx-graphics\19\javafx-graphics-19-win.jar;C:\Users\aryem\.m2\repository\org\openjfx\javafx-base\19\javafx-base-19-win.jar -Djdk.module.main=com.example.local2 com.example.local2/com.example.local2.HelloApplication

Host: 11th Gen Intel(R) Core(TM) i5-11400H @ 2.70GHz, 12 cores, 15G,  Windows 10 , 64 bit Build 19041 (10.0.19041.2364)
Time: Wed Dec 21 20:07:00 2022 FLE Standard Time elapsed time: 11.786461 seconds (0d 0h 0m 11s)

---------------  T H R E A D  ---------------

Current thread (0x0000024e654b22f0):  VMThread "VM Thread" [stack: 0x000000b45fc00000,0x000000b45fd00000] [id=9964]

Stack: [0x000000b45fc00000,0x000000b45fd00000],  sp=0x000000b45fcff420,  free space=1021k
Native frames: (J=compiled Java code, j=interpreted, Vv=VM code, C=native code)
C  [glass.dll+0x263b7]


siginfo: EXCEPTION_ACCESS_VIOLATION (0xc0000005), reading address 0x0000000000000000


Registers:
RAX=0x0000000000000000, RBX=0x0000024e654c6ed8, RCX=0x0000024e654b22f0, RDX=0x000000b45fcff420
RSP=0x000000b45fcff420, RBP=0x0000024e6ac68018, RSI=0x0000024e6ac67ff0, RDI=0x0000acabf7df1056
R8 =0x0000000000010002, R9 =0x0000acabf7df1056, R10=0x0000000000008000, R11=0x000000b45fcff3b0
R12=0x00007ffe705d3cf0, R13=0x00007ffe19de72a0, R14=0x000000b45fcff518, R15=0x0000024e6ac67ff0
RIP=0x00007ffe705d63b7, EFLAGS=0x0000000000010206


Register to memory mapping:

RIP=0x00007ffe705d63b7 glass.dll
RAX=0x0 is NULL
RBX=0x0000024e654c6ed8 is a global jni handle
RCX=0x0000024e654b22f0 points into unknown readable memory: 0x00007ffe19bf45d8 | d8 45 bf 19 fe 7f 00 00
RDX=0x000000b45fcff420 points into unknown readable memory: 0x0000000000000000 | 00 00 00 00 00 00 00 00
RSP=0x000000b45fcff420 points into unknown readable memory: 0x0000000000000000 | 00 00 00 00 00 00 00 00
RBP=0x0000024e6ac68018 points into unknown readable memory: 0x0000acabf7df1056 | 56 10 df f7 ab ac 00 00
RSI=0x0000024e6ac67ff0 points into unknown readable memory: 0xff9cbbe5f5df1049 | 49 10 df f5 e5 bb 9c ff
RDI=0x0000acabf7df1056 is an unknown value
R8 =0x0000000000010002 is an unknown value
R9 =0x0000acabf7df1056 is an unknown value
R10=0x0000000000008000 is an unknown value
R11=0x000000b45fcff3b0 points into unknown readable memory: 0x0000024e6ac67ff0 | f0 7f c6 6a 4e 02 00 00
R12=0x00007ffe705d3cf0 glass.dll
R13=0x00007ffe19de72a0 jvm.dll
R14=0x000000b45fcff518 points into unknown readable memory: 0x000000b45fcff500 | 00 f5 cf 5f b4 00 00 00
R15=0x0000024e6ac67ff0 points into unknown readable memory: 0xff9cbbe5f5df1049 | 49 10 df f5 e5 bb 9c ff


Top of Stack: (sp=0x000000b45fcff420)
0x000000b45fcff420:   0000000000000000 0000024e6ac67ff0
0x000000b45fcff430:   00007ffe19de72a0 00007ffe705d3cf0
0x000000b45fcff440:   0000024e6ac67ff8 00007ffe979b42d6
0x000000b45fcff450:   0000acabf7df1056 0000024e00000000
0x000000b45fcff460:   0000024e6ac68018 0000024e6ac67ff0
0x000000b45fcff470:   fffffffffffffffe 0000000000000000
0x000000b45fcff480:   0000000000000001 00007ffe705b0000
0x000000b45fcff490:   000000b45fcff508 00007ffe979b41fb
0x000000b45fcff4a0:   0000000000000000 000000b45fcff518
0x000000b45fcff4b0:   000000b45fcff7e0 00007ffe97a90e40
0x000000b45fcff4c0:   0000000000000001 00007ffe979b41b4
0x000000b45fcff4d0:   0000000000000000 0000000000000001
0x000000b45fcff4e0:   0000000000000001 000000b45fcff508
0x000000b45fcff4f0:   0000000000000000 00007ffe705d3b7d
0x000000b45fcff500:   00007ffe705e9f88 00007ffe00000002
0x000000b45fcff510:   0000000000000002 000000b45fcff500 

Instructions: (pc=0x00007ffe705d63b7)
0x00007ffe705d62b7:   8b 4d 58 e8 7d cf ff ff 48 8b 4d 60 e8 74 cf ff
0x00007ffe705d62c7:   ff 48 8b 95 80 00 00 00 48 8b 8d 18 01 00 00 e8
0x00007ffe705d62d7:   66 c4 ff ff 33 d2 33 c9 e8 bc e1 ff ff 90 48 89
0x00007ffe705d62e7:   54 24 10 55 48 83 ec 20 48 8b ea 48 b8 00 00 00
0x00007ffe705d62f7:   00 00 00 00 00 48 83 c4 20 5d c3 cc 40 55 48 8b
0x00007ffe705d6307:   ea 48 8b 01 33 c9 81 38 05 00 00 c0 0f 94 c1 8b
0x00007ffe705d6317:   c1 5d c3 cc 40 55 48 83 ec 20 48 8b ea 8a 4d 40
0x00007ffe705d6327:   48 83 c4 20 5d e9 63 d3 ff ff cc 40 55 48 83 ec
0x00007ffe705d6337:   20 48 8b ea 8a 4d 20 e8 51 d3 ff ff 90 48 83 c4
0x00007ffe705d6347:   20 5d c3 cc 40 55 48 83 ec 20 48 8b ea 48 83 c4
0x00007ffe705d6357:   20 5d e9 b2 d1 ff ff cc 40 55 48 83 ec 30 48 8b
0x00007ffe705d6367:   ea 48 8b 01 8b 10 48 89 4c 24 28 89 54 24 20 4c
0x00007ffe705d6377:   8d 0d 53 d6 ff ff 4c 8b 45 70 8b 55 68 48 8b 4d
0x00007ffe705d6387:   60 e8 f3 d0 ff ff 90 48 83 c4 30 5d c3 cc cc cc
0x00007ffe705d6397:   cc cc cc cc cc cc cc cc cc 40 53 48 83 ec 20 48
0x00007ffe705d63a7:   8b 1d db 35 01 00 48 85 db 74 16 e8 79 8b ff ff
0x00007ffe705d63b7:   4c 8b 00 48 8b d3 48 8b c8 41 ff 90 b0 00 00 00
0x00007ffe705d63c7:   90 48 83 c4 20 5b c3 cc cc 40 53 48 83 ec 20 48
0x00007ffe705d63d7:   8b 1d 4b 37 01 00 48 85 db 74 57 b8 ff ff ff ff
0x00007ffe705d63e7:   f0 0f c1 43 10 83 f8 01 75 3d 48 85 db 74 38 48
0x00007ffe705d63f7:   8b 0b 48 85 c9 74 0d ff 15 a4 0e 00 00 48 c7 03
0x00007ffe705d6407:   00 00 00 00 48 8b 4b 08 48 85 c9 74 0d e8 23 ce
0x00007ffe705d6417:   ff ff 48 c7 43 08 00 00 00 00 ba 18 00 00 00 48
0x00007ffe705d6427:   8b cb e8 0e ce ff ff 48 c7 05 ef 36 01 00 00 00
0x00007ffe705d6437:   00 00 48 83 c4 20 5b c3 cc 40 53 48 83 ec 20 48
0x00007ffe705d6447:   8b 1d bb 36 01 00 48 85 db 74 57 b8 ff ff ff ff
0x00007ffe705d6457:   f0 0f c1 43 10 83 f8 01 75 3d 48 85 db 74 38 48
0x00007ffe705d6467:   8b 0b 48 85 c9 74 0d ff 15 34 0e 00 00 48 c7 03
0x00007ffe705d6477:   00 00 00 00 48 8b 4b 08 48 85 c9 74 0d e8 b3 cd
0x00007ffe705d6487:   ff ff 48 c7 43 08 00 00 00 00 ba 18 00 00 00 48
0x00007ffe705d6497:   8b cb e8 9e cd ff ff 48 c7 05 5f 36 01 00 00 00
0x00007ffe705d64a7:   00 00 48 83 c4 20 5b c3 cc 40 53 48 83 ec 20 48 


Stack slot to memory mapping:
stack at sp + 0 slots: 0x0 is NULL
stack at sp + 1 slots: 0x0000024e6ac67ff0 points into unknown readable memory: 0xff9cbbe5f5df1049 | 49 10 df f5 e5 bb 9c ff
stack at sp + 2 slots: 0x00007ffe19de72a0 jvm.dll
stack at sp + 3 slots: 0x00007ffe705d3cf0 glass.dll
stack at sp + 4 slots: 0x0000024e6ac67ff8 points into unknown readable memory: 0x0000acabf7df1056 | 56 10 df f7 ab ac 00 00
stack at sp + 5 slots: 0x00007ffe979b42d6 ucrtbase.dll
stack at sp + 6 slots: 0x0000acabf7df1056 is an unknown value
stack at sp + 7 slots: 0x0000024e00000000 is an unknown value

VM_Operation (0x000000b4617feff0): Exit, mode: safepoint, requested by thread 0x0000024e6b419ae0


---------------  P R O C E S S  ---------------

Threads class SMR info:
_java_thread_list=0x0000024e6aab7f60, length=21, elements={
0x0000024e4052dcf0, 0x0000024e654cd2a0, 0x0000024e654ce320, 0x0000024e6a020090,
0x0000024e6a020c50, 0x0000024e654d8750, 0x0000024e6a02a720, 0x0000024e6a0330c0,
0x0000024e6a036fa0, 0x0000024e6a035510, 0x0000024e6a035a60, 0x0000024e6a036a50,
0x0000024e6a035fb0, 0x0000024e6a036500, 0x0000024e6a033a80, 0x0000024e6a034a70,
0x0000024e6a034fc0, 0x0000024e6b41d000, 0x0000024e6b417060, 0x0000024e6b41a030,
0x0000024e6b419ae0
}

Java Threads: ( => current thread )
  0x0000024e4052dcf0 JavaThread "main" [_thread_blocked, id=14724, stack(0x000000b45f600000,0x000000b45f700000)]
  0x0000024e654cd2a0 JavaThread "Reference Handler" daemon [_thread_blocked, id=9776, stack(0x000000b45fd00000,0x000000b45fe00000)]
  0x0000024e654ce320 JavaThread "Finalizer" daemon [_thread_blocked, id=11732, stack(0x000000b45fe00000,0x000000b45ff00000)]
  0x0000024e6a020090 JavaThread "Attach Listener" daemon [_thread_blocked, id=15248, stack(0x000000b460000000,0x000000b460100000)]
  0x0000024e6a020c50 JavaThread "Service Thread" daemon [_thread_blocked, id=8928, stack(0x000000b460100000,0x000000b460200000)]
  0x0000024e654d8750 JavaThread "Monitor Deflation Thread" daemon [_thread_blocked, id=9636, stack(0x000000b460200000,0x000000b460300000)]
  0x0000024e6a02a720 JavaThread "C2 CompilerThread0" daemon [_thread_blocked, id=2348, stack(0x000000b460300000,0x000000b460400000)]
  0x0000024e6a0330c0 JavaThread "C1 CompilerThread0" daemon [_thread_blocked, id=4996, stack(0x000000b460400000,0x000000b460500000)]
  0x0000024e6a036fa0 JavaThread "Sweeper thread" daemon [_thread_blocked, id=9980, stack(0x000000b460500000,0x000000b460600000)]
  0x0000024e6a035510 JavaThread "Common-Cleaner" daemon [_thread_blocked, id=9116, stack(0x000000b460600000,0x000000b460700000)]
  0x0000024e6a035a60 JavaThread "Monitor Ctrl-Break" daemon [_thread_in_native, id=12300, stack(0x000000b460900000,0x000000b460a00000)]
  0x0000024e6a036a50 JavaThread "Notification Thread" daemon [_thread_blocked, id=11996, stack(0x000000b460a00000,0x000000b460b00000)]
  0x0000024e6a035fb0 JavaThread "QuantumRenderer-0" daemon [_thread_blocked, id=7392, stack(0x000000b460c00000,0x000000b460d00000)]
  0x0000024e6a036500 JavaThread "InvokeLaterDispatcher" daemon [_thread_blocked, id=4488, stack(0x000000b460e00000,0x000000b460f00000)]
  0x0000024e6a033a80 JavaThread "JavaFX Application Thread" [_thread_in_native, id=13212, stack(0x000000b460f00000,0x000000b461000000)]
  0x0000024e6a034a70 JavaThread "JavaFX-Launcher" [_thread_blocked, id=13220, stack(0x000000b460800000,0x000000b460900000)]
  0x0000024e6a034fc0 JavaThread "Thread-2" daemon [_thread_in_native, id=10396, stack(0x000000b460700000,0x000000b460800000)]
  0x0000024e6b41d000 JavaThread "mysql-cj-abandoned-connection-cleanup" daemon [_thread_blocked, id=2588, stack(0x000000b461800000,0x000000b461900000)]
  0x0000024e6b417060 JavaThread "Prism Font Disposer" daemon [_thread_blocked, id=15552, stack(0x000000b462100000,0x000000b462200000)]
  0x0000024e6b41a030 JavaThread "Cleaner-0" daemon [_thread_blocked, id=14992, stack(0x000000b462400000,0x000000b462500000)]
  0x0000024e6b419ae0 JavaThread "SIGINT handler" daemon [_thread_blocked, id=6828, stack(0x000000b461700000,0x000000b461800000)]

Other Threads:
=>0x0000024e654b22f0 VMThread "VM Thread" [stack: 0x000000b45fc00000,0x000000b45fd00000] [id=9964]
  0x0000024e4059c9d0 WorkerThread "GC Thread#0" [stack: 0x000000b45f700000,0x000000b45f800000] [id=9992]
  0x0000024e6ae94320 WorkerThread "GC Thread#1" [stack: 0x000000b461200000,0x000000b461300000] [id=11416]
  0x0000024e6ae92ca0 WorkerThread "GC Thread#2" [stack: 0x000000b461300000,0x000000b461400000] [id=9348]
  0x0000024e6ae93240 WorkerThread "GC Thread#3" [stack: 0x000000b461400000,0x000000b461500000] [id=8236]
  0x0000024e6ae92700 WorkerThread "GC Thread#4" [stack: 0x000000b461500000,0x000000b461600000] [id=2432]
  0x0000024e6ae93510 WorkerThread "GC Thread#5" [stack: 0x000000b461600000,0x000000b461700000] [id=14796]
  0x0000024e6b545650 WorkerThread "GC Thread#6" [stack: 0x000000b461d00000,0x000000b461e00000] [id=10176]
  0x0000024e6b5420e0 WorkerThread "GC Thread#7" [stack: 0x000000b461e00000,0x000000b461f00000] [id=8416]
  0x0000024e6b542950 WorkerThread "GC Thread#8" [stack: 0x000000b461f00000,0x000000b462000000] [id=12988]
  0x0000024e6b543490 WorkerThread "GC Thread#9" [stack: 0x000000b462000000,0x000000b462100000] [id=14500]
  0x0000024e405ec010 ConcurrentGCThread "G1 Main Marker" terminated
  0x0000024e405ed1e0 WorkerThread "G1 Conc#0" [stack: 0x000000b45f900000,0x000000b45fa00000] [id=9904]
  0x0000024e6b542680 WorkerThread "G1 Conc#1" [stack: 0x000000b462200000,0x000000b462300000] [id=10344]
  0x0000024e6b5423b0 WorkerThread "G1 Conc#2" [stack: 0x000000b462300000,0x000000b462400000] [id=9060]
  0x0000024e6536ac10 ConcurrentGCThread "G1 Refine#0" terminated
  0x0000024e6536b750 ConcurrentGCThread "G1 Service" terminated

Threads with active compile tasks:

VM state: at safepoint (shutting down)

VM Mutex/Monitor currently owned by a thread:  ([mutex/lock_event])
[0x0000024e40529f70] Threads_lock - owner thread: 0x0000024e654b22f0
[0x0000024e40528b30] Heap_lock - owner thread: 0x0000024e6b419ae0

Heap address: 0x0000000703600000, size: 4042 MB, Compressed Oops mode: Zero based, Oop shift amount: 3

CDS archive(s) mapped at: [0x0000000800000000-0x0000000800c30000-0x0000000800c30000), size 12779520, SharedBaseAddress: 0x0000000800000000, ArchiveRelocationMode: 0.
Compressed class space mapped at: 0x0000000801000000-0x0000000841000000, reserved size: 1073741824
Narrow klass base: 0x0000000800000000, Narrow klass shift: 0, Narrow klass range: 0x100000000

GC Precious Log:
 CardTable entry size: 512
 Card Set container configuration: InlinePtr #cards 4 size 8 Array Of Cards #cards 16 size 48 Howl #buckets 8 coarsen threshold 3686 Howl Bitmap #cards 512 size 80 coarsen threshold 460 Card regions per heap region 1 cards per card region 4096
 CPUs: 12 total, 12 available
 Memory: 16163M
 Large Page Support: Disabled
 NUMA Support: Disabled
 Compressed Oops: Enabled (Zero based)
 Heap Region Size: 2M
 Heap Min Capacity: 8M
 Heap Initial Capacity: 254M
 Heap Max Capacity: 4042M
 Pre-touch: Disabled
 Parallel Workers: 10
 Concurrent Workers: 3
 Concurrent Refinement Workers: 10
 Periodic GC: Disabled

Heap:
 garbage-first heap   total 49152K, used 27666K [0x0000000703600000, 0x0000000800000000)
  region size 2048K, 13 young (26624K), 4 survivors (8192K)
 Metaspace       used 23413K, committed 23808K, reserved 1114112K
  class space    used 3091K, committed 3264K, reserved 1048576K

Heap Regions: E=young(eden), S=young(survivor), O=old, HS=humongous(starts), HC=humongous(continues), CS=collection set, F=free, OA=open archive, CA=closed archive, TAMS=top-at-mark-start (previous, next)
|   0|0x0000000703600000, 0x0000000703800000, 0x0000000703800000|100%| O|  |TAMS 0x0000000703800000, 0x0000000703600000| Untracked 
|   1|0x0000000703800000, 0x0000000703846a00, 0x0000000703a00000| 13%| O|  |TAMS 0x0000000703846a00, 0x0000000703800000| Complete 
|   2|0x0000000703a00000, 0x0000000703c00000, 0x0000000703c00000|100%|HS|  |TAMS 0x0000000703a00000, 0x0000000703a00000| Complete 
|   3|0x0000000703c00000, 0x0000000703c00000, 0x0000000703e00000|  0%| F|  |TAMS 0x0000000703c00000, 0x0000000703c00000| Untracked 
|   4|0x0000000703e00000, 0x0000000703e00000, 0x0000000704000000|  0%| F|  |TAMS 0x0000000703e00000, 0x0000000703e00000| Untracked 
|   5|0x0000000704000000, 0x0000000704000000, 0x0000000704200000|  0%| F|  |TAMS 0x0000000704000000, 0x0000000704000000| Untracked 
|   6|0x0000000704200000, 0x0000000704200000, 0x0000000704400000|  0%| F|  |TAMS 0x0000000704200000, 0x0000000704200000| Untracked 
|   7|0x0000000704400000, 0x0000000704400000, 0x0000000704600000|  0%| F|  |TAMS 0x0000000704400000, 0x0000000704400000| Untracked 
|   8|0x0000000704600000, 0x0000000704600000, 0x0000000704800000|  0%| F|  |TAMS 0x0000000704600000, 0x0000000704600000| Untracked 
|   9|0x0000000704800000, 0x0000000704800000, 0x0000000704a00000|  0%| F|  |TAMS 0x0000000704800000, 0x0000000704800000| Untracked 
|  10|0x0000000704a00000, 0x0000000704a00000, 0x0000000704c00000|  0%| F|  |TAMS 0x0000000704a00000, 0x0000000704a00000| Untracked 
|  11|0x0000000704c00000, 0x0000000704c2c678, 0x0000000704e00000|  8%| E|  |TAMS 0x0000000704c00000, 0x0000000704c00000| Complete 
|  12|0x0000000704e00000, 0x0000000705000000, 0x0000000705000000|100%| E|CS|TAMS 0x0000000704e00000, 0x0000000704e00000| Complete 
|  13|0x0000000705000000, 0x0000000705200000, 0x0000000705200000|100%| E|CS|TAMS 0x0000000705000000, 0x0000000705000000| Complete 
|  14|0x0000000705200000, 0x0000000705400000, 0x0000000705400000|100%| E|CS|TAMS 0x0000000705200000, 0x0000000705200000| Complete 
|  15|0x0000000705400000, 0x0000000705600000, 0x0000000705600000|100%| E|CS|TAMS 0x0000000705400000, 0x0000000705400000| Complete 
|  16|0x0000000705600000, 0x0000000705800000, 0x0000000705800000|100%| E|CS|TAMS 0x0000000705600000, 0x0000000705600000| Complete 
|  17|0x0000000705800000, 0x0000000705a00000, 0x0000000705a00000|100%| E|CS|TAMS 0x0000000705800000, 0x0000000705800000| Complete 
|  18|0x0000000705a00000, 0x0000000705c00000, 0x0000000705c00000|100%| E|CS|TAMS 0x0000000705a00000, 0x0000000705a00000| Complete 
| 120|0x0000000712600000, 0x00000007126be080, 0x0000000712800000| 37%| S|CS|TAMS 0x0000000712600000, 0x0000000712600000| Complete 
| 121|0x0000000712800000, 0x0000000712a00000, 0x0000000712a00000|100%| S|CS|TAMS 0x0000000712800000, 0x0000000712800000| Complete 
| 122|0x0000000712a00000, 0x0000000712c00000, 0x0000000712c00000|100%| S|CS|TAMS 0x0000000712a00000, 0x0000000712a00000| Complete 
| 123|0x0000000712c00000, 0x0000000712e00000, 0x0000000712e00000|100%| S|CS|TAMS 0x0000000712c00000, 0x0000000712c00000| Complete 
| 126|0x0000000713200000, 0x0000000713400000, 0x0000000713400000|100%| E|CS|TAMS 0x0000000713200000, 0x0000000713200000| Complete 

Card table byte_map: [0x0000024e5a0e0000,0x0000024e5a8d0000] _byte_map_base: 0x0000024e568c5000

Marking Bits (Prev, Next): (CMBitMap*) 0x0000024e4059e050, (CMBitMap*) 0x0000024e4059e010
 Prev Bits: [0x0000024e5eff0000, 0x0000024e62f18000)
 Next Bits: [0x0000024e5b0c0000, 0x0000024e5efe8000)

Polling page: 0x0000024e40600000

Metaspace:

Usage:
  Non-class:     19.85 MB used.
      Class:      3.02 MB used.
       Both:     22.86 MB used.

Virtual space:
  Non-class space:       64.00 MB reserved,      20.06 MB ( 31%) committed,  1 nodes.
      Class space:        1.00 GB reserved,       3.19 MB ( <1%) committed,  1 nodes.
             Both:        1.06 GB reserved,      23.25 MB (  2%) committed. 

Chunk freelists:
   Non-Class:  3.67 MB
       Class:  790.00 KB
        Both:  4.44 MB

MaxMetaspaceSize: unlimited
CompressedClassSpaceSize: 1.00 GB
Initial GC threshold: 21.00 MB
Current GC threshold: 35.12 MB
CDS: on
MetaspaceReclaimPolicy: balanced
 - commit_granule_bytes: 65536.
 - commit_granule_words: 8192.
 - virtual_space_node_default_size: 8388608.
 - enlarge_chunks_in_place: 1.
 - new_chunks_are_fully_committed: 0.
 - uncommit_free_chunks: 1.
 - use_allocation_guard: 0.


Internal statistics:

num_allocs_failed_limit: 3.
num_arena_births: 406.
num_arena_deaths: 0.
num_vsnodes_births: 2.
num_vsnodes_deaths: 0.
num_space_committed: 372.
num_space_uncommitted: 0.
num_chunks_returned_to_freelist: 3.
num_chunks_taken_from_freelist: 1009.
num_chunk_merges: 3.
num_chunk_splits: 708.
num_chunks_enlarged: 548.
num_inconsistent_stats: 0.

CodeHeap 'non-profiled nmethods': size=120000Kb used=1321Kb max_used=1321Kb free=118678Kb
 bounds [0x0000024e51730000, 0x0000024e519a0000, 0x0000024e58c60000]
CodeHeap 'profiled nmethods': size=120000Kb used=6205Kb max_used=6205Kb free=113794Kb
 bounds [0x0000024e49c60000, 0x0000024e4a270000, 0x0000024e51190000]
CodeHeap 'non-nmethods': size=5760Kb used=1600Kb max_used=1626Kb free=4159Kb
 bounds [0x0000024e51190000, 0x0000024e51400000, 0x0000024e51730000]
 total_blobs=4162 nmethods=3285 adapters=787
 compilation: enabled
              stopped_count=0, restarted_count=0
 full_count=0

Compilation events (20 events):
Event: 7.887 Thread 0x0000024e6a0330c0 nmethod 3281 0x0000024e4a26cd10 code [0x0000024e4a26cf60, 0x0000024e4a26dd08]
Event: 7.887 Thread 0x0000024e6a0330c0 3279       1       javafx.css.SimpleSelector::getNodeOrientation (5 bytes)
Event: 7.887 Thread 0x0000024e6a0330c0 nmethod 3279 0x0000024e51878210 code [0x0000024e518783a0, 0x0000024e51878478]
Event: 7.887 Thread 0x0000024e6a0330c0 3285       3       javafx.scene.Node::invalidateLocalToParentTransform (15 bytes)
Event: 7.887 Thread 0x0000024e6a0330c0 nmethod 3285 0x0000024e4a26e010 code [0x0000024e4a26e1e0, 0x0000024e4a26e668]
Event: 7.887 Thread 0x0000024e6a0330c0 3283       3       com.sun.javafx.scene.NodeHelper::transformsChanged (9 bytes)
Event: 7.887 Thread 0x0000024e6a0330c0 nmethod 3283 0x0000024e4a26e810 code [0x0000024e4a26e9e0, 0x0000024e4a26ecd8]
Event: 7.887 Thread 0x0000024e6a0330c0 3284       3       com.sun.javafx.scene.NodeHelper::transformsChangedImpl (10 bytes)
Event: 7.887 Thread 0x0000024e6a0330c0 nmethod 3284 0x0000024e4a26ee90 code [0x0000024e4a26f040, 0x0000024e4a26f228]
Event: 7.887 Thread 0x0000024e6a0330c0 3286       3       com.sun.javafx.geom.RectBounds::getWidth (10 bytes)
Event: 7.887 Thread 0x0000024e6a0330c0 nmethod 3286 0x0000024e4a26f390 code [0x0000024e4a26f520, 0x0000024e4a26f638]
Event: 7.887 Thread 0x0000024e6a0330c0 3280       1       javafx.scene.layout.Background::getImages (5 bytes)
Event: 7.887 Thread 0x0000024e6a0330c0 nmethod 3280 0x0000024e51878510 code [0x0000024e518786a0, 0x0000024e51878778]
Event: 7.890 Thread 0x0000024e6a02a720 nmethod 3266 0x0000024e51878810 code [0x0000024e51878a40, 0x0000024e51879300]
Event: 7.890 Thread 0x0000024e6a02a720 3267       4       com.sun.javafx.css.BitSet::size (49 bytes)
Event: 7.891 Thread 0x0000024e6a02a720 nmethod 3267 0x0000024e51879b90 code [0x0000024e51879d20, 0x0000024e51879e38]
Event: 7.891 Thread 0x0000024e6a02a720 3268       4       javafx.scene.paint.Color::getGreen (6 bytes)
Event: 7.891 Thread 0x0000024e6a02a720 nmethod 3268 0x0000024e51879f10 code [0x0000024e5187a080, 0x0000024e5187a0f8]
Event: 7.891 Thread 0x0000024e6a02a720 3269       4       javafx.scene.paint.Color::getBlue (6 bytes)
Event: 7.891 Thread 0x0000024e6a02a720 nmethod 3269 0x0000024e5187a210 code [0x0000024e5187a380, 0x0000024e5187a3f8]

GC Heap History (6 events):
Event: 0.500 GC heap before
{Heap before GC invocations=0 (full 0):
 garbage-first heap   total 260096K, used 20480K [0x0000000703600000, 0x0000000800000000)
  region size 2048K, 11 young (22528K), 0 survivors (0K)
 Metaspace       used 5218K, committed 5440K, reserved 1114112K
  class space    used 592K, committed 704K, reserved 1048576K
}
Event: 0.502 GC heap after
{Heap after GC invocations=1 (full 0):
 garbage-first heap   total 260096K, used 3312K [0x0000000703600000, 0x0000000800000000)
  region size 2048K, 2 young (4096K), 2 survivors (4096K)
 Metaspace       used 5218K, committed 5440K, reserved 1114112K
  class space    used 592K, committed 704K, reserved 1048576K
}
Event: 1.062 GC heap before
{Heap before GC invocations=1 (full 0):
 garbage-first heap   total 260096K, used 38128K [0x0000000703600000, 0x0000000800000000)
  region size 2048K, 20 young (40960K), 2 survivors (4096K)
 Metaspace       used 20226K, committed 20608K, reserved 1114112K
  class space    used 2617K, committed 2816K, reserved 1048576K
}
Event: 1.066 GC heap after
{Heap after GC invocations=2 (full 0):
 garbage-first heap   total 260096K, used 8474K [0x0000000703600000, 0x0000000800000000)
  region size 2048K, 3 young (6144K), 3 survivors (6144K)
 Metaspace       used 20226K, committed 20608K, reserved 1114112K
  class space    used 2617K, committed 2816K, reserved 1048576K
}
Event: 1.092 GC heap before
{Heap before GC invocations=2 (full 0):
 garbage-first heap   total 260096K, used 12570K [0x0000000703600000, 0x0000000800000000)
  region size 2048K, 6 young (12288K), 3 survivors (6144K)
 Metaspace       used 21170K, committed 21504K, reserved 1114112K
  class space    used 2880K, committed 3072K, reserved 1048576K
}
Event: 1.095 GC heap after
{Heap after GC invocations=3 (full 0):
 garbage-first heap   total 260096K, used 9234K [0x0000000703600000, 0x0000000800000000)
  region size 2048K, 4 young (8192K), 4 survivors (8192K)
 Metaspace       used 21170K, committed 21504K, reserved 1114112K
  class space    used 2880K, committed 3072K, reserved 1048576K
}

Dll operation events (20 events):
Event: 0.200 Loaded shared library C:\Users\aryem\.openjfx\cache\19+11\amd64\api-ms-win-crt-math-l1-1-0.dll
Event: 0.201 Loaded shared library C:\Users\aryem\.openjfx\cache\19+11\amd64\api-ms-win-crt-multibyte-l1-1-0.dll
Event: 0.202 Loaded shared library C:\Users\aryem\.openjfx\cache\19+11\amd64\api-ms-win-crt-private-l1-1-0.dll
Event: 0.204 Loaded shared library C:\Users\aryem\.openjfx\cache\19+11\amd64\api-ms-win-crt-process-l1-1-0.dll
Event: 0.205 Loaded shared library C:\Users\aryem\.openjfx\cache\19+11\amd64\api-ms-win-crt-runtime-l1-1-0.dll
Event: 0.207 Loaded shared library C:\Users\aryem\.openjfx\cache\19+11\amd64\api-ms-win-crt-stdio-l1-1-0.dll
Event: 0.208 Loaded shared library C:\Users\aryem\.openjfx\cache\19+11\amd64\api-ms-win-crt-string-l1-1-0.dll
Event: 0.209 Loaded shared library C:\Users\aryem\.openjfx\cache\19+11\amd64\api-ms-win-crt-time-l1-1-0.dll
Event: 0.210 Loaded shared library C:\Users\aryem\.openjfx\cache\19+11\amd64\api-ms-win-crt-utility-l1-1-0.dll
Event: 0.219 Loaded shared library C:\Users\aryem\.openjfx\cache\19+11\amd64\ucrtbase.dll
Event: 0.222 Loaded shared library C:\Users\aryem\.openjfx\cache\19+11\amd64\vcruntime140.dll
Event: 0.223 Loaded shared library C:\Users\aryem\.openjfx\cache\19+11\amd64\vcruntime140_1.dll
Event: 0.228 Loaded shared library C:\Users\aryem\.openjfx\cache\19+11\amd64\msvcp140.dll
Event: 0.230 Loaded shared library C:\Users\aryem\.openjfx\cache\19+11\amd64\msvcp140_1.dll
Event: 0.232 Loaded shared library C:\Users\aryem\.openjfx\cache\19+11\amd64\msvcp140_2.dll
Event: 0.259 Loaded shared library C:\Users\aryem\.openjfx\cache\19+11\amd64\prism_d3d.dll
Event: 0.318 Loaded shared library C:\Users\aryem\.openjfx\cache\19+11\amd64\glass.dll
Event: 0.497 Loaded shared library C:\Users\aryem\.jdks\openjdk-19.0.1\bin\jimage.dll
Event: 0.595 Loaded shared library C:\Users\aryem\.openjfx\cache\19+11\amd64\javafx_font.dll
Event: 0.880 Loaded shared library C:\Users\aryem\.jdks\openjdk-19.0.1\bin\sunmscapi.dll

Deoptimization events (20 events):
Event: 1.126 Thread 0x0000024e6a033a80 DEOPT PACKING pc=0x0000024e51797de8 sp=0x000000b460ffc3a0
Event: 1.126 Thread 0x0000024e6a033a80 DEOPT UNPACKING pc=0x0000024e511fa5a3 sp=0x000000b460ffc358 mode 2
Event: 2.091 Thread 0x0000024e6a033a80 DEOPT PACKING pc=0x0000024e4a101804 sp=0x000000b460ffded0
Event: 2.091 Thread 0x0000024e6a033a80 DEOPT UNPACKING pc=0x0000024e511fb0e3 sp=0x000000b460ffd4a0 mode 0
Event: 2.299 Thread 0x0000024e6a035fb0 DEOPT PACKING pc=0x0000024e4a0957ba sp=0x000000b460cfdc80
Event: 2.299 Thread 0x0000024e6a035fb0 DEOPT UNPACKING pc=0x0000024e511fb0e3 sp=0x000000b460cfd0d8 mode 0
Event: 2.299 Thread 0x0000024e6a035fb0 DEOPT PACKING pc=0x0000024e4a0957ba sp=0x000000b460cfdc80
Event: 2.299 Thread 0x0000024e6a035fb0 DEOPT UNPACKING pc=0x0000024e511fb0e3 sp=0x000000b460cfd0d8 mode 0
Event: 2.300 Thread 0x0000024e6a035fb0 DEOPT PACKING pc=0x0000024e4a0957ba sp=0x000000b460cfdc80
Event: 2.300 Thread 0x0000024e6a035fb0 DEOPT UNPACKING pc=0x0000024e511fb0e3 sp=0x000000b460cfd0d8 mode 0
Event: 2.302 Thread 0x0000024e6a035fb0 DEOPT PACKING pc=0x0000024e4a0957ba sp=0x000000b460cfdc80
Event: 2.302 Thread 0x0000024e6a035fb0 DEOPT UNPACKING pc=0x0000024e511fb0e3 sp=0x000000b460cfd0d8 mode 0
Event: 2.303 Thread 0x0000024e6a035fb0 DEOPT PACKING pc=0x0000024e4a0957ba sp=0x000000b460cfdc80
Event: 2.303 Thread 0x0000024e6a035fb0 DEOPT UNPACKING pc=0x0000024e511fb0e3 sp=0x000000b460cfd0d8 mode 0
Event: 2.303 Thread 0x0000024e6a035fb0 DEOPT PACKING pc=0x0000024e4a0957ba sp=0x000000b460cfdc80
Event: 2.303 Thread 0x0000024e6a035fb0 DEOPT UNPACKING pc=0x0000024e511fb0e3 sp=0x000000b460cfd0d8 mode 0
Event: 3.880 Thread 0x0000024e6a033a80 Uncommon trap: trap_request=0xffffffde fr.pc=0x0000024e517d4c08 relative=0x0000000000000348
Event: 3.880 Thread 0x0000024e6a033a80 Uncommon trap: reason=class_check action=maybe_recompile pc=0x0000024e517d4c08 method=java.util.HashMap.putVal(ILjava/lang/Object;Ljava/lang/Object;ZZ)Ljava/lang/Object; @ 253 c2
Event: 3.880 Thread 0x0000024e6a033a80 DEOPT PACKING pc=0x0000024e517d4c08 sp=0x000000b460ff9280
Event: 3.880 Thread 0x0000024e6a033a80 DEOPT UNPACKING pc=0x0000024e511fa5a3 sp=0x000000b460ff9220 mode 2

Classes loaded (20 events):
Event: 1.166 Loading class java/nio/FloatBuffer
Event: 1.166 Loading class java/nio/FloatBuffer done
Event: 1.166 Loading class java/nio/DoubleBuffer
Event: 1.166 Loading class java/nio/DoubleBuffer done
Event: 1.166 Loading class java/nio/DirectFloatBufferU
Event: 1.166 Loading class java/nio/DirectFloatBufferU done
Event: 1.171 Loading class jdk/internal/ref/CleanerImpl$InnocuousThreadFactory
Event: 1.171 Loading class jdk/internal/ref/CleanerImpl$InnocuousThreadFactory done
Event: 1.175 Loading class sun/misc/Unsafe
Event: 1.175 Loading class sun/misc/Unsafe done
Event: 1.175 Loading class java/lang/invoke/DirectMethodHandle$StaticAccessor
Event: 1.175 Loading class java/lang/invoke/DirectMethodHandle$StaticAccessor done
Event: 1.596 Loading class java/util/EnumMap$Values
Event: 1.596 Loading class java/util/EnumMap$Values done
Event: 1.596 Loading class java/util/EnumMap$ValueIterator
Event: 1.596 Loading class java/util/EnumMap$EnumMapIterator
Event: 1.596 Loading class java/util/EnumMap$EnumMapIterator done
Event: 1.596 Loading class java/util/EnumMap$ValueIterator done
Event: 11.445 Loading class jdk/internal/misc/Signal$1
Event: 11.446 Loading class jdk/internal/misc/Signal$1 done

Classes unloaded (0 events):
No events

Classes redefined (0 events):
No events

Internal exceptions (20 events):
Event: 0.968 Thread 0x0000024e6a033a80 Implicit null exception at 0x0000024e51798daf to 0x0000024e51799020
Event: 0.968 Thread 0x0000024e6a033a80 Implicit null exception at 0x0000024e517985af to 0x0000024e51798818
Event: 1.007 Thread 0x0000024e6a033a80 Implicit null exception at 0x0000024e51791314 to 0x0000024e51791994
Event: 1.036 Thread 0x0000024e6a033a80 Exception <a 'java/lang/ClassNotFoundException'{0x0000000710f115c8}: com/sun/javafx/scene/control/skin/resources/controls> (0x0000000710f115c8) 
thrown [s\open\src\hotspot\share\prims\jni.cpp, line 536]
Event: 1.037 Thread 0x0000024e6a033a80 Exception <a 'java/lang/ClassNotFoundException'{0x0000000710f1f5f8}: com/sun/javafx/scene/control/skin/resources/controls_en> (0x0000000710f1f5f8) 
thrown [s\open\src\hotspot\share\prims\jni.cpp, line 536]
Event: 1.037 Thread 0x0000024e6a033a80 Exception <a 'java/lang/ClassNotFoundException'{0x0000000710f205a0}: com/sun/javafx/scene/control/skin/resources/controls_en_US> (0x0000000710f205a0) 
thrown [s\open\src\hotspot\share\prims\jni.cpp, line 536]
Event: 1.056 Thread 0x0000024e6a033a80 Exception <a 'java/lang/NoSuchMethodError'{0x0000000710d32be0}: 'void java.lang.invoke.DirectMethodHandle$Holder.invokeSpecial(java.lang.Object, java.lang.Object, java.lang.Object, java.lang.Object, java.lang.Object, java.lang.Object)'> (0x0000000710d32be0) 
thrown [s\open\src\hotspot\share\interpreter\linkResolver.cpp, line 774]
Event: 1.058 Thread 0x0000024e6a033a80 Exception <a 'java/lang/NoSuchMethodError'{0x0000000710d53240}: 'java.lang.Object java.lang.invoke.DirectMethodHandle$Holder.invokeInterface(java.lang.Object, java.lang.Object, java.lang.Object)'> (0x0000000710d53240) 
thrown [s\open\src\hotspot\share\interpreter\linkResolver.cpp, line 774]
Event: 1.058 Thread 0x0000024e6a033a80 Exception <a 'java/lang/IncompatibleClassChangeError'{0x0000000710d56910}: Found class java.lang.Object, but interface was expected> (0x0000000710d56910) 
thrown [s\open\src\hotspot\share\interpreter\linkResolver.cpp, line 841]
Event: 1.068 Thread 0x0000024e6a020090 Exception <a 'sun/nio/fs/WindowsException'{0x0000000713233608}> (0x0000000713233608) 
thrown [s\open\src\hotspot\share\prims\jni.cpp, line 517]
Event: 1.129 Thread 0x0000024e6a033a80 Exception <a 'java/lang/NoSuchMethodError'{0x0000000705a745b8}: 'int java.lang.invoke.DirectMethodHandle$Holder.invokeSpecial(java.lang.Object, java.lang.Object, int)'> (0x0000000705a745b8) 
thrown [s\open\src\hotspot\share\interpreter\linkResolver.cpp, line 774]
Event: 1.135 Thread 0x0000024e6a033a80 Exception <a 'java/lang/NoSuchMethodError'{0x0000000705ab4b88}: 'java.lang.Object java.lang.invoke.DirectMethodHandle$Holder.newInvokeSpecial(java.lang.Object, java.lang.Object, int)'> (0x0000000705ab4b88) 
thrown [s\open\src\hotspot\share\interpreter\linkResolver.cpp, line 774]
Event: 1.151 Thread 0x0000024e6a035fb0 Exception <a 'java/lang/NoSuchMethodError'{0x000000070581a260}: 'int java.lang.invoke.DirectMethodHandle$Holder.invokeStaticInit(java.lang.Object, java.lang.Object)'> (0x000000070581a260) 
thrown [s\open\src\hotspot\share\interpreter\linkResolver.cpp, line 774]
Event: 1.161 Thread 0x0000024e6a033a80 Exception <a 'java/lang/NoSuchMethodError'{0x00000007059fae28}: 'long java.lang.invoke.DirectMethodHandle$Holder.invokeStatic(java.lang.Object, java.lang.Object, java.lang.Object)'> (0x00000007059fae28) 
thrown [s\open\src\hotspot\share\interpreter\linkResolver.cpp, line 774]
Event: 1.161 Thread 0x0000024e6a033a80 Exception <a 'java/lang/NoSuchMethodError'{0x00000007059fe4a0}: 'long java.lang.invoke.DirectMethodHandle$Holder.invokeStaticInit(java.lang.Object, java.lang.Object, java.lang.Object)'> (0x00000007059fe4a0) 
thrown [s\open\src\hotspot\share\interpreter\linkResolver.cpp, line 774]
Event: 1.163 Thread 0x0000024e6a033a80 Exception <a 'java/lang/NoSuchMethodError'{0x0000000705616e48}: 'java.lang.Object java.lang.invoke.DirectMethodHandle$Holder.newInvokeSpecial(java.lang.Object, java.lang.Object, long)'> (0x0000000705616e48) 
thrown [s\open\src\hotspot\share\interpreter\linkResolver.cpp, line 774]
Event: 1.163 Thread 0x0000024e6a033a80 Exception <a 'java/lang/NoSuchMethodError'{0x000000070561a9d0}: 'java.lang.Object java.lang.invoke.Invokers$Holder.linkToTargetMethod(java.lang.Object, long, java.lang.Object)'> (0x000000070561a9d0) 
thrown [s\open\src\hotspot\share\interpreter\linkResolver.cpp, line 774]
Event: 4.704 Thread 0x0000024e6a033a80 Exception <a 'java/lang/NoSuchMethodError'{0x00000007051ddbc8}: 'java.lang.Object java.lang.invoke.DirectMethodHandle$Holder.newInvokeSpecial(java.lang.Object, java.lang.Object, int, int, int, int, int, java.lang.Object)'> (0x00000007051ddbc8) 
thrown [s\open\src\hotspot\share\interpreter\linkResolver.cpp, line 774]
Event: 4.704 Thread 0x0000024e6a033a80 Exception <a 'java/lang/NoSuchMethodError'{0x00000007051f13c0}: 'java.lang.Object java.lang.invoke.DirectMethodHandle$Holder.newInvokeSpecial(java.lang.Object, java.lang.Object, java.lang.Object, int, int, int, int, int)'> (0x00000007051f13c0) 
thrown [s\open\src\hotspot\share\interpreter\linkResolver.cpp, line 774]
Event: 4.704 Thread 0x0000024e6a033a80 Exception <a 'java/lang/NoSuchMethodError'{0x00000007051f96f0}: 'java.lang.Object java.lang.invoke.Invokers$Holder.linkToTargetMethod(java.lang.Object, java.lang.Object, int, int, int, int, int, java.lang.Object)'> (0x00000007051f96f0) 
thrown [s\open\src\hotspot\share\interpreter\linkResolver.cpp, line 774]

VM Operations (20 events):
Event: 0.924 Executing VM operation: HandshakeAllThreads done
Event: 1.062 Executing VM operation: G1CollectForAllocation
Event: 1.067 Executing VM operation: G1CollectForAllocation done
Event: 1.092 Executing VM operation: CollectForMetadataAllocation
Event: 1.095 Executing VM operation: CollectForMetadataAllocation done
Event: 1.099 Executing VM operation: G1PauseRemark
Event: 1.100 Executing VM operation: G1PauseRemark done
Event: 1.102 Executing VM operation: G1PauseCleanup
Event: 1.102 Executing VM operation: G1PauseCleanup done
Event: 2.090 Executing VM operation: HandshakeAllThreads
Event: 2.090 Executing VM operation: HandshakeAllThreads done
Event: 2.411 Executing VM operation: ICBufferFull
Event: 2.411 Executing VM operation: ICBufferFull done
Event: 3.411 Executing VM operation: Cleanup
Event: 3.412 Executing VM operation: Cleanup done
Event: 5.412 Executing VM operation: Cleanup
Event: 5.412 Executing VM operation: Cleanup done
Event: 8.413 Executing VM operation: Cleanup
Event: 8.413 Executing VM operation: Cleanup done
Event: 11.447 Executing VM operation: Exit

Events (20 events):
Event: 0.321 Thread 0x0000024e6a033a80 Thread added: 0x0000024e6a033a80
Event: 0.458 Thread 0x0000024e6a19c810 Thread exited: 0x0000024e6a19c810
Event: 0.458 Thread 0x0000024e6a19bcf0 Thread exited: 0x0000024e6a19bcf0
Event: 0.481 Thread 0x0000024e6a034a70 Thread added: 0x0000024e6a034a70
Event: 0.488 Thread 0x0000024e6a034fc0 Thread added: 0x0000024e6a034fc0
Event: 0.603 Thread 0x0000024e6a19bcf0 Thread added: 0x0000024e6a19bcf0
Event: 0.686 Thread 0x0000024e6b41d000 Thread added: 0x0000024e6b41d000
Event: 0.781 Thread 0x0000024e6a19c810 Thread added: 0x0000024e6a19c810
Event: 1.070 Thread 0x0000024e6b417060 Thread added: 0x0000024e6b417060
Event: 1.171 Thread 0x0000024e6b41a030 Thread added: 0x0000024e6b41a030
Event: 1.399 Thread 0x0000024e6a19c810 Thread exited: 0x0000024e6a19c810
Event: 1.399 Thread 0x0000024e6a19bcf0 Thread exited: 0x0000024e6a19bcf0
Event: 3.875 Thread 0x0000024e75765120 Thread added: 0x0000024e75765120
Event: 4.375 Thread 0x0000024e75765120 Thread exited: 0x0000024e75765120
Event: 11.446 Thread 0x0000024e6b419ae0 Thread added: 0x0000024e6b419ae0
Event: 11.446 Thread 0x0000024e6b419590 Thread added: 0x0000024e6b419590
Event: 11.446 Thread 0x0000024e6b416070 Thread added: 0x0000024e6b416070
Event: 11.446 Thread 0x0000024e6b419590 Thread exited: 0x0000024e6b419590
Event: 11.447 Thread 0x0000024e6b416070 Thread exited: 0x0000024e6b416070
Event: 11.447 Thread 0x0000024e654d42d0 Thread exited: 0x0000024e654d42d0


Dynamic libraries:
0x00007ff7ebbc0000 - 0x00007ff7ebbce000 	C:\Users\aryem\.jdks\openjdk-19.0.1\bin\java.exe
0x00007ffe99d70000 - 0x00007ffe99f68000 	C:\WINDOWS\SYSTEM32\ntdll.dll
0x00007ffe99bc0000 - 0x00007ffe99c7f000 	C:\WINDOWS\System32\KERNEL32.DLL
0x00007ffe975b0000 - 0x00007ffe97882000 	C:\WINDOWS\System32\KERNELBASE.dll
0x00007ffe979a0000 - 0x00007ffe97aa0000 	C:\WINDOWS\System32\ucrtbase.dll
0x00007ffe69140000 - 0x00007ffe6915b000 	C:\Users\aryem\.jdks\openjdk-19.0.1\bin\VCRUNTIME140.dll
0x00007ffe69510000 - 0x00007ffe69527000 	C:\Users\aryem\.jdks\openjdk-19.0.1\bin\jli.dll
0x00007ffe97fd0000 - 0x00007ffe98171000 	C:\WINDOWS\System32\USER32.dll
0x00007ffe6a140000 - 0x00007ffe6a3da000 	C:\WINDOWS\WinSxS\amd64_microsoft.windows.common-controls_6595b64144ccf1df_6.0.19041.1110_none_60b5254171f9507e\COMCTL32.dll
0x00007ffe97c00000 - 0x00007ffe97c22000 	C:\WINDOWS\System32\win32u.dll
0x00007ffe99a00000 - 0x00007ffe99a2b000 	C:\WINDOWS\System32\GDI32.dll
0x00007ffe97e10000 - 0x00007ffe97eae000 	C:\WINDOWS\System32\msvcrt.dll
0x00007ffe97890000 - 0x00007ffe9799f000 	C:\WINDOWS\System32\gdi32full.dll
0x00007ffe97510000 - 0x00007ffe975ad000 	C:\WINDOWS\System32\msvcp_win.dll
0x00007ffe99780000 - 0x00007ffe997b2000 	C:\WINDOWS\System32\IMM32.DLL
0x00007ffe7f0b0000 - 0x00007ffe7f0bc000 	C:\Users\aryem\.jdks\openjdk-19.0.1\bin\vcruntime140_1.dll
0x00007ffe2b900000 - 0x00007ffe2b98e000 	C:\Users\aryem\.jdks\openjdk-19.0.1\bin\msvcp140.dll
0x00007ffe191d0000 - 0x00007ffe19e90000 	C:\Users\aryem\.jdks\openjdk-19.0.1\bin\server\jvm.dll
0x00007ffe99c80000 - 0x00007ffe99d2e000 	C:\WINDOWS\System32\ADVAPI32.dll
0x00007ffe97f20000 - 0x00007ffe97fbc000 	C:\WINDOWS\System32\sechost.dll
0x00007ffe99a30000 - 0x00007ffe99b55000 	C:\WINDOWS\System32\RPCRT4.dll
0x00007ffe92eb0000 - 0x00007ffe92eb9000 	C:\WINDOWS\SYSTEM32\WSOCK32.dll
0x00007ffe921d0000 - 0x00007ffe921da000 	C:\WINDOWS\SYSTEM32\VERSION.dll
0x00007ffe7d4a0000 - 0x00007ffe7d4c7000 	C:\WINDOWS\SYSTEM32\WINMM.dll
0x00007ffe97eb0000 - 0x00007ffe97f1b000 	C:\WINDOWS\System32\WS2_32.dll
0x00007ffe95320000 - 0x00007ffe95332000 	C:\WINDOWS\SYSTEM32\kernel.appcore.dll
0x00007ffe7e820000 - 0x00007ffe7e82a000 	C:\Users\aryem\.jdks\openjdk-19.0.1\bin\jimage.dll
0x00007ffe90420000 - 0x00007ffe90604000 	C:\WINDOWS\SYSTEM32\DBGHELP.DLL
0x00007ffe90180000 - 0x00007ffe901b5000 	C:\WINDOWS\SYSTEM32\dbgcore.DLL
0x00007ffe97c30000 - 0x00007ffe97cb2000 	C:\WINDOWS\System32\bcryptPrimitives.dll
0x00007ffe92930000 - 0x00007ffe9293e000 	C:\Users\aryem\.jdks\openjdk-19.0.1\bin\instrument.dll
0x00007ffe61ab0000 - 0x00007ffe61ad6000 	C:\Users\aryem\.jdks\openjdk-19.0.1\bin\java.dll
0x00007ffe1a4a0000 - 0x00007ffe1a577000 	C:\Users\aryem\.jdks\openjdk-19.0.1\bin\jsvml.dll
0x00007ffe98870000 - 0x00007ffe98fb4000 	C:\WINDOWS\System32\SHELL32.dll
0x00007ffe95520000 - 0x00007ffe95cb2000 	C:\WINDOWS\SYSTEM32\windows.storage.dll
0x00007ffe98fc0000 - 0x00007ffe99315000 	C:\WINDOWS\System32\combase.dll
0x00007ffe96ec0000 - 0x00007ffe96ef0000 	C:\WINDOWS\SYSTEM32\Wldp.dll
0x00007ffe99430000 - 0x00007ffe994dd000 	C:\WINDOWS\System32\SHCORE.dll
0x00007ffe99690000 - 0x00007ffe996e5000 	C:\WINDOWS\System32\shlwapi.dll
0x00007ffe973a0000 - 0x00007ffe973bf000 	C:\WINDOWS\SYSTEM32\profapi.dll
0x00007ffe55c80000 - 0x00007ffe55c93000 	C:\Users\aryem\.jdks\openjdk-19.0.1\bin\net.dll
0x00007ffe8f870000 - 0x00007ffe8f97c000 	C:\WINDOWS\SYSTEM32\WINHTTP.dll
0x00007ffe96c20000 - 0x00007ffe96c8a000 	C:\WINDOWS\system32\mswsock.dll
0x00007ffe55c60000 - 0x00007ffe55c76000 	C:\Users\aryem\.jdks\openjdk-19.0.1\bin\nio.dll
0x00007ffe55c40000 - 0x00007ffe55c58000 	C:\Users\aryem\.jdks\openjdk-19.0.1\bin\zip.dll
0x00007ffe920e0000 - 0x00007ffe920fa000 	C:\Program Files\JetBrains\IntelliJ IDEA 2022.3\bin\breakgen64.dll
0x0000024e65d70000 - 0x0000024e65d73000 	C:\Users\aryem\.openjfx\cache\19+11\amd64\api-ms-win-core-console-l1-1-0.dll
0x0000024e65d80000 - 0x0000024e65d83000 	C:\Users\aryem\.openjfx\cache\19+11\amd64\api-ms-win-core-console-l1-2-0.dll
0x0000024e65d90000 - 0x0000024e65d93000 	C:\Users\aryem\.openjfx\cache\19+11\amd64\api-ms-win-core-datetime-l1-1-0.dll
0x0000024e65da0000 - 0x0000024e65da3000 	C:\Users\aryem\.openjfx\cache\19+11\amd64\api-ms-win-core-debug-l1-1-0.dll
0x0000024e65db0000 - 0x0000024e65db3000 	C:\Users\aryem\.openjfx\cache\19+11\amd64\api-ms-win-core-errorhandling-l1-1-0.dll
0x0000024e65dc0000 - 0x0000024e65dc4000 	C:\Users\aryem\.openjfx\cache\19+11\amd64\api-ms-win-core-file-l1-1-0.dll
0x0000024e65dd0000 - 0x0000024e65dd3000 	C:\Users\aryem\.openjfx\cache\19+11\amd64\api-ms-win-core-file-l1-2-0.dll
0x0000024e65de0000 - 0x0000024e65de3000 	C:\Users\aryem\.openjfx\cache\19+11\amd64\api-ms-win-core-file-l2-1-0.dll
0x0000024e65df0000 - 0x0000024e65df3000 	C:\Users\aryem\.openjfx\cache\19+11\amd64\api-ms-win-core-handle-l1-1-0.dll
0x0000024e65e00000 - 0x0000024e65e03000 	C:\Users\aryem\.openjfx\cache\19+11\amd64\api-ms-win-core-heap-l1-1-0.dll
0x0000024e65e10000 - 0x0000024e65e13000 	C:\Users\aryem\.openjfx\cache\19+11\amd64\api-ms-win-core-interlocked-l1-1-0.dll
0x0000024e65e20000 - 0x0000024e65e23000 	C:\Users\aryem\.openjfx\cache\19+11\amd64\api-ms-win-core-libraryloader-l1-1-0.dll
0x0000024e65e30000 - 0x0000024e65e33000 	C:\Users\aryem\.openjfx\cache\19+11\amd64\api-ms-win-core-localization-l1-2-0.dll
0x0000024e65e40000 - 0x0000024e65e43000 	C:\Users\aryem\.openjfx\cache\19+11\amd64\api-ms-win-core-memory-l1-1-0.dll
0x0000024e65e50000 - 0x0000024e65e53000 	C:\Users\aryem\.openjfx\cache\19+11\amd64\api-ms-win-core-namedpipe-l1-1-0.dll
0x0000024e65e60000 - 0x0000024e65e63000 	C:\Users\aryem\.openjfx\cache\19+11\amd64\api-ms-win-core-processenvironment-l1-1-0.dll
0x0000024e65e70000 - 0x0000024e65e73000 	C:\Users\aryem\.openjfx\cache\19+11\amd64\api-ms-win-core-processthreads-l1-1-0.dll
0x0000024e65e80000 - 0x0000024e65e83000 	C:\Users\aryem\.openjfx\cache\19+11\amd64\api-ms-win-core-processthreads-l1-1-1.dll
0x0000024e65e90000 - 0x0000024e65e93000 	C:\Users\aryem\.openjfx\cache\19+11\amd64\api-ms-win-core-profile-l1-1-0.dll
0x0000024e65ea0000 - 0x0000024e65ea3000 	C:\Users\aryem\.openjfx\cache\19+11\amd64\api-ms-win-core-rtlsupport-l1-1-0.dll
0x0000024e65eb0000 - 0x0000024e65eb3000 	C:\Users\aryem\.openjfx\cache\19+11\amd64\api-ms-win-core-string-l1-1-0.dll
0x0000024e65ec0000 - 0x0000024e65ec3000 	C:\Users\aryem\.openjfx\cache\19+11\amd64\api-ms-win-core-synch-l1-1-0.dll
0x0000024e65ed0000 - 0x0000024e65ed3000 	C:\Users\aryem\.openjfx\cache\19+11\amd64\api-ms-win-core-synch-l1-2-0.dll
0x0000024e65ee0000 - 0x0000024e65ee3000 	C:\Users\aryem\.openjfx\cache\19+11\amd64\api-ms-win-core-sysinfo-l1-1-0.dll
0x0000024e65ef0000 - 0x0000024e65ef3000 	C:\Users\aryem\.openjfx\cache\19+11\amd64\api-ms-win-core-timezone-l1-1-0.dll
0x0000024e65f00000 - 0x0000024e65f03000 	C:\Users\aryem\.openjfx\cache\19+11\amd64\api-ms-win-core-util-l1-1-0.dll
0x0000024e65f10000 - 0x0000024e65f13000 	C:\Users\aryem\.openjfx\cache\19+11\amd64\api-ms-win-crt-conio-l1-1-0.dll
0x0000024e65f20000 - 0x0000024e65f24000 	C:\Users\aryem\.openjfx\cache\19+11\amd64\api-ms-win-crt-convert-l1-1-0.dll
0x0000024e65f30000 - 0x0000024e65f33000 	C:\Users\aryem\.openjfx\cache\19+11\amd64\api-ms-win-crt-environment-l1-1-0.dll
0x0000024e65f40000 - 0x0000024e65f43000 	C:\Users\aryem\.openjfx\cache\19+11\amd64\api-ms-win-crt-filesystem-l1-1-0.dll
0x0000024e65f50000 - 0x0000024e65f53000 	C:\Users\aryem\.openjfx\cache\19+11\amd64\api-ms-win-crt-heap-l1-1-0.dll
0x0000024e65f60000 - 0x0000024e65f63000 	C:\Users\aryem\.openjfx\cache\19+11\amd64\api-ms-win-crt-locale-l1-1-0.dll
0x0000024e65f70000 - 0x0000024e65f75000 	C:\Users\aryem\.openjfx\cache\19+11\amd64\api-ms-win-crt-math-l1-1-0.dll
0x0000024e65f80000 - 0x0000024e65f85000 	C:\Users\aryem\.openjfx\cache\19+11\amd64\api-ms-win-crt-multibyte-l1-1-0.dll
0x0000024e65f90000 - 0x0000024e65fa0000 	C:\Users\aryem\.openjfx\cache\19+11\amd64\api-ms-win-crt-private-l1-1-0.dll
0x0000024e65fa0000 - 0x0000024e65fa3000 	C:\Users\aryem\.openjfx\cache\19+11\amd64\api-ms-win-crt-process-l1-1-0.dll
0x0000024e65fb0000 - 0x0000024e65fb4000 	C:\Users\aryem\.openjfx\cache\19+11\amd64\api-ms-win-crt-runtime-l1-1-0.dll
0x0000024e65fc0000 - 0x0000024e65fc4000 	C:\Users\aryem\.openjfx\cache\19+11\amd64\api-ms-win-crt-stdio-l1-1-0.dll
0x0000024e65fd0000 - 0x0000024e65fd4000 	C:\Users\aryem\.openjfx\cache\19+11\amd64\api-ms-win-crt-string-l1-1-0.dll
0x0000024e65fe0000 - 0x0000024e65fe3000 	C:\Users\aryem\.openjfx\cache\19+11\amd64\api-ms-win-crt-time-l1-1-0.dll
0x0000024e65ff0000 - 0x0000024e65ff3000 	C:\Users\aryem\.openjfx\cache\19+11\amd64\api-ms-win-crt-utility-l1-1-0.dll
0x00007ffe2b990000 - 0x00007ffe2ba8c000 	C:\Users\aryem\.openjfx\cache\19+11\amd64\ucrtbase.dll
0x00007ffe7fc30000 - 0x00007ffe7fc4b000 	C:\Users\aryem\.openjfx\cache\19+11\amd64\vcruntime140.dll
0x00007ffe920c0000 - 0x00007ffe920cc000 	C:\Users\aryem\.openjfx\cache\19+11\amd64\vcruntime140_1.dll
0x00007ffe4fe40000 - 0x00007ffe4fece000 	C:\Users\aryem\.openjfx\cache\19+11\amd64\msvcp140.dll
0x00007ffe7fc20000 - 0x00007ffe7fc29000 	C:\Users\aryem\.openjfx\cache\19+11\amd64\msvcp140_1.dll
0x00007ffe7fbf0000 - 0x00007ffe7fc20000 	C:\Users\aryem\.openjfx\cache\19+11\amd64\msvcp140_2.dll
0x00007ffe7f1b0000 - 0x00007ffe7f1dc000 	C:\Users\aryem\.openjfx\cache\19+11\amd64\prism_d3d.dll
0x00007ffe8f590000 - 0x00007ffe8f75e000 	C:\WINDOWS\system32\d3d9.dll
0x00007ffe95060000 - 0x00007ffe9508f000 	C:\WINDOWS\SYSTEM32\dwmapi.dll
0x00007ffe94db0000 - 0x00007ffe94e4e000 	C:\WINDOWS\system32\uxtheme.dll
0x00007ffe97d30000 - 0x00007ffe97d57000 	C:\WINDOWS\System32\bcrypt.dll
0x00007ffe97050000 - 0x00007ffe97062000 	C:\WINDOWS\SYSTEM32\msasn1.dll
0x00007ffe90e50000 - 0x00007ffe90e81000 	C:\WINDOWS\SYSTEM32\cryptnet.dll
0x00007ffe97aa0000 - 0x00007ffe97bf6000 	C:\WINDOWS\System32\CRYPT32.dll
0x00007ffe96e30000 - 0x00007ffe96e3c000 	C:\WINDOWS\SYSTEM32\cryptbase.dll
0x00007ffe97cc0000 - 0x00007ffe97d29000 	C:\WINDOWS\System32\WINTRUST.DLL
0x00007ffe99410000 - 0x00007ffe9942d000 	C:\WINDOWS\System32\imagehlp.dll
0x00007ffe96e10000 - 0x00007ffe96e28000 	C:\WINDOWS\SYSTEM32\CRYPTSP.dll
0x00007ffe964d0000 - 0x00007ffe96504000 	C:\WINDOWS\system32\rsaenh.dll
0x00007ffe705b0000 - 0x00007ffe705f2000 	C:\Users\aryem\.openjfx\cache\19+11\amd64\glass.dll
0x00007ffe99330000 - 0x00007ffe9940a000 	C:\WINDOWS\System32\COMDLG32.dll
0x00007ffe997c0000 - 0x00007ffe998ea000 	C:\WINDOWS\System32\ole32.dll
0x00007ffe98680000 - 0x00007ffe9874d000 	C:\WINDOWS\System32\OLEAUT32.dll
0x00007ffe98750000 - 0x00007ffe98865000 	C:\WINDOWS\System32\MSCTF.dll
0x00007ffe68450000 - 0x00007ffe6850e000 	C:\WINDOWS\System32\DriverStore\FileRepository\nvcvi.inf_amd64_3f126cc4679d8cee\nvldumdx.dll
0x00007ffe909e0000 - 0x00007ffe90b28000 	C:\WINDOWS\SYSTEM32\drvstore.dll
0x00007ffe97210000 - 0x00007ffe9723c000 	C:\WINDOWS\SYSTEM32\devobj.dll
0x00007ffe97d60000 - 0x00007ffe97dae000 	C:\WINDOWS\System32\cfgmgr32.dll
0x00007ffe1a880000 - 0x00007ffe1ce89000 	C:\WINDOWS\System32\DriverStore\FileRepository\nvcvi.inf_amd64_3f126cc4679d8cee\nvd3dumx.dll
0x00007ffe4fb00000 - 0x00007ffe4fdcf000 	C:\WINDOWS\system32\nvspcap64.dll
0x00007ffe965f0000 - 0x00007ffe96623000 	C:\WINDOWS\SYSTEM32\ntmarta.dll
0x00007ffe95cd0000 - 0x00007ffe95cf3000 	C:\WINDOWS\SYSTEM32\gpapi.dll
0x00007ffe87440000 - 0x00007ffe8747b000 	C:\WINDOWS\SYSTEM32\dxcore.dll
0x00007ffe32650000 - 0x00007ffe327fc000 	C:\WINDOWS\System32\DriverStore\FileRepository\iigd_dch.inf_amd64_7510514be791188f\igdumdim64.dll
0x00007ffe07c10000 - 0x00007ffe0c474000 	C:\WINDOWS\System32\DriverStore\FileRepository\iigd_dch.inf_amd64_7510514be791188f\igd9dxva64.dll
0x00007ffe98180000 - 0x00007ffe985e8000 	C:\WINDOWS\System32\SETUPAPI.dll
0x00007ffe81e20000 - 0x00007ffe82229000 	C:\WINDOWS\System32\DriverStore\FileRepository\iigd_dch.inf_amd64_7510514be791188f\igdgmm64.dll
0x00007ffe4a930000 - 0x00007ffe4a957000 	C:\WINDOWS\System32\DriverStore\FileRepository\iigd_dch.inf_amd64_7510514be791188f\igdinfo64.dll
0x00007ffe78b60000 - 0x00007ffe7d1e4000 	C:\WINDOWS\System32\DriverStore\FileRepository\iigd_dch.inf_amd64_7510514be791188f\igc64.dll
0x00007ffe7f190000 - 0x00007ffe7f1a4000 	C:\Users\aryem\.openjfx\cache\19+11\amd64\javafx_font.dll
0x00007ffe76920000 - 0x00007ffe76b9f000 	C:\WINDOWS\SYSTEM32\dwrite.dll

dbghelp: loaded successfully - version: 4.0.5 - missing functions: none
symbol engine: initialized successfully - sym options: 0x614 - pdb path: .;C:\Users\aryem\.jdks\openjdk-19.0.1\bin;C:\WINDOWS\SYSTEM32;C:\WINDOWS\WinSxS\amd64_microsoft.windows.common-controls_6595b64144ccf1df_6.0.19041.1110_none_60b5254171f9507e;C:\Users\aryem\.jdks\openjdk-19.0.1\bin\server;C:\Program Files\JetBrains\IntelliJ IDEA 2022.3\bin;C:\Users\aryem\.openjfx\cache\19+11\amd64;C:\WINDOWS\System32\DriverStore\FileRepository\nvcvi.inf_amd64_3f126cc4679d8cee;C:\WINDOWS\System32\DriverStore\FileRepository\iigd_dch.inf_amd64_7510514be791188f;C:\Program Files\Common Files\Microsoft Shared\Ink

VM Arguments:
jvm_args: -javaagent:C:\Program Files\JetBrains\IntelliJ IDEA 2022.3\lib\idea_rt.jar=51519:C:\Program Files\JetBrains\IntelliJ IDEA 2022.3\bin -Dfile.encoding=UTF-8 -Dsun.stdout.encoding=UTF-8 -Dsun.stderr.encoding=UTF-8 --module-path=C:\Users\aryem\.m2\repository\org\openjfx\javafx-fxml\19\javafx-fxml-19-win.jar;C:\Users\aryem\.m2\repository\org\openjfx\javafx-controls\19\javafx-controls-19-win.jar;C:\Users\aryem\IdeaProjects\Local2\target\classes;C:\Users\aryem\.m2\repository\org\openjfx\javafx-graphics\19\javafx-graphics-19-win.jar;C:\Users\aryem\.m2\repository\org\openjfx\javafx-base\19\javafx-base-19-win.jar -Djdk.module.main=com.example.local2 
java_command: com.example.local2/com.example.local2.HelloApplication
java_class_path (initial): C:\Users\aryem\.m2\repository\com\mysql\mysql-connector-j\8.0.31\mysql-connector-j-8.0.31.jar;C:\Users\aryem\.m2\repository\com\google\protobuf\protobuf-java\3.19.4\protobuf-java-3.19.4.jar;C:\Users\aryem\.m2\repository\org\openjfx\javafx-controls\19\javafx-controls-19.jar;C:\Users\aryem\.m2\repository\org\openjfx\javafx-graphics\19\javafx-graphics-19.jar;C:\Users\aryem\.m2\repository\org\openjfx\javafx-base\19\javafx-base-19.jar;C:\Users\aryem\.m2\repository\org\openjfx\javafx-fxml\19\javafx-fxml-19.jar;C:\Users\aryem\Downloads\mysql-connector-j-8.0.31.jar;C:\Users\aryem\Downloads\mysql-connector-java-8.0.30.jar
Launcher Type: SUN_STANDARD

[Global flags]
     intx CICompilerCount                          = 4                                         {product} {ergonomic}
     uint ConcGCThreads                            = 3                                         {product} {ergonomic}
     uint G1ConcRefinementThreads                  = 10                                        {product} {ergonomic}
   size_t G1HeapRegionSize                         = 2097152                                   {product} {ergonomic}
    uintx GCDrainStackTargetSize                   = 64                                        {product} {ergonomic}
   size_t InitialHeapSize                          = 266338304                                 {product} {ergonomic}
   size_t MarkStackSize                            = 4194304                                   {product} {ergonomic}
   size_t MaxHeapSize                              = 4238344192                                {product} {ergonomic}
   size_t MaxNewSize                               = 2541748224                                {product} {ergonomic}
   size_t MinHeapDeltaBytes                        = 2097152                                   {product} {ergonomic}
   size_t MinHeapSize                              = 8388608                                   {product} {ergonomic}
    uintx NonNMethodCodeHeapSize                   = 5839372                                {pd product} {ergonomic}
    uintx NonProfiledCodeHeapSize                  = 122909434                              {pd product} {ergonomic}
    uintx ProfiledCodeHeapSize                     = 122909434                              {pd product} {ergonomic}
    uintx ReservedCodeCacheSize                    = 251658240                              {pd product} {ergonomic}
     bool SegmentedCodeCache                       = true                                      {product} {ergonomic}
   size_t SoftMaxHeapSize                          = 4238344192                             {manageable} {ergonomic}
     bool UseCompressedClassPointers               = true                           {product lp64_product} {ergonomic}
     bool UseCompressedOops                        = true                           {product lp64_product} {ergonomic}
     bool UseG1GC                                  = true                                      {product} {ergonomic}
     bool UseLargePagesIndividualAllocation        = false                                  {pd product} {ergonomic}

Logging:
Log output configuration:
 #0: stdout all=off uptime,level,tags foldmultilines=false
 #1: stderr all=off uptime,level,tags foldmultilines=false

Environment Variables:
PATH=C:\WINDOWS\system32;C:\WINDOWS;C:\WINDOWS\System32\Wbem;C:\WINDOWS\System32\WindowsPowerShell\v1.0\;C:\WINDOWS\System32\OpenSSH\;C:\Program Files\NVIDIA Corporation\NVIDIA NvDLISR;C:\Program Files (x86)\NVIDIA Corporation\PhysX\Common;C:\Users\aryem\AppData\Local\Microsoft\WindowsApps;
USERNAME=aryem
OS=Windows_NT
PROCESSOR_IDENTIFIER=Intel64 Family 6 Model 141 Stepping 1, GenuineIntel
TMP=C:\Users\aryem\AppData\Local\Temp
TEMP=C:\Users\aryem\AppData\Local\Temp



---------------  S Y S T E M  ---------------

OS:
 Windows 10 , 64 bit Build 19041 (10.0.19041.2364)
OS uptime: 4 days 1:14 hours

CPU: total 12 (initial active 12) (6 cores per cpu, 2 threads per core) family 6 model 141 stepping 1 microcode 0x34, cx8, cmov, fxsr, ht, mmx, 3dnowpref, sse, sse2, sse3, ssse3, sse4.1, sse4.2, popcnt, lzcnt, tsc, tscinvbit, avx, avx2, aes, erms, clmul, bmi1, bmi2, adx, avx512f, avx512dq, avx512cd, avx512bw, avx512vl, sha, fma, vzeroupper, avx512_vpopcntdq, avx512_vpclmulqdq, avx512_vaes, avx512_vnni, clflush, clflushopt, clwb, avx512_vbmi2, avx512_vbmi, rdtscp, rdpid, fsrm, gfni, avx512_bitalg

Memory: 4k page, system-wide physical 16163M (6722M free)
TotalPageFile size 18595M (AvailPageFile size 5796M)
current process WorkingSet (physical memory assigned to process): 142M, peak: 169M
current process commit charge ("private bytes"): 250M, peak: 459M

vm_info: OpenJDK 64-Bit Server VM (19.0.1+10-21) for windows-amd64 JRE (19.0.1+10-21), built on 2022-09-14T12:45:06Z by "mach5one" with MS VC++ 17.1 (VS2022)

END.
